# JRE version: Java(TM) SE Runtime Environment (17.0.6+9) (build 17.0.6+9-LTS-190)
# Java VM: Java HotSpot(TM) 64-Bit Server VM (17.0.6+9-LTS-190, mixed mode, sharing, tiered, compressed oops, compressed class ptrs, g1 gc, windows-amd64)
GC Precious Log:
 CPUs: 8 total, 8 available
 Memory: 8083M
 Large Page Support: Disabled
 NUMA Support: Disabled
 Compressed Oops: Enabled (32-bit)
 Heap Region Size: 1M
 Heap Min Capacity: 8M
 Heap Initial Capacity: 128M
 Heap Max Capacity: 2022M
 Pre-touch: Disabled
 Parallel Workers: 8
 Concurrent Workers: 2
 Concurrent Refinement Workers: 8
 Periodic GC: Disabled
Heap:
 garbage-first heap   total 107520K, used 53039K [0x0000000081a00000, 0x0000000100000000)
  region size 1024K, 5 young (5120K), 1 survivors (1024K)
 Metaspace       used 81106K, committed 81728K, reserved 1122304K
  class space    used 10637K, committed 11008K, reserved 1048576K
GC Heap History (20 events):
Event: 23103.853 GC heap after
{Heap after GC invocations=45 (full 0):
 garbage-first heap   total 107520K, used 48612K [0x0000000081a00000, 0x0000000100000000)
  region size 1024K, 1 young (1024K), 1 survivors (1024K)
 Metaspace       used 80983K, committed 81664K, reserved 1122304K
  class space    used 10636K, committed 11008K, reserved 1048576K
}
Event: 23836.812 GC heap before
{Heap before GC invocations=45 (full 0):
 garbage-first heap   total 107520K, used 52708K [0x0000000081a00000, 0x0000000100000000)
  region size 1024K, 5 young (5120K), 1 survivors (1024K)
 Metaspace       used 80996K, committed 81664K, reserved 1122304K
  class space    used 10636K, committed 11008K, reserved 1048576K
}
Event: 23842.006 GC heap after
{Heap after GC invocations=46 (full 0):
 garbage-first heap   total 107520K, used 48422K [0x0000000081a00000, 0x0000000100000000)
  region size 1024K, 1 young (1024K), 1 survivors (1024K)
 Metaspace       used 80996K, committed 81664K, reserved 1122304K
  class space    used 10636K, committed 11008K, reserved 1048576K
}
Event: 24710.458 GC heap before
{Heap before GC invocations=46 (full 0):
 garbage-first heap   total 107520K, used 52518K [0x0000000081a00000, 0x0000000100000000)
  region size 1024K, 5 young (5120K), 1 survivors (1024K)
 Metaspace       used 81004K, committed 81664K, reserved 1122304K
  class space    used 10637K, committed 11008K, reserved 1048576K
}
Event: 24712.505 GC heap after
{Heap after GC invocations=47 (full 0):
 garbage-first heap   total 107520K, used 48236K [0x0000000081a00000, 0x0000000100000000)
  region size 1024K, 1 young (1024K), 1 survivors (1024K)
 Metaspace       used 81004K, committed 81664K, reserved 1122304K
  class space    used 10637K, committed 11008K, reserved 1048576K
}
Event: 25103.327 GC heap before
{Heap before GC invocations=47 (full 0):
 garbage-first heap   total 107520K, used 52332K [0x0000000081a00000, 0x0000000100000000)
  region size 1024K, 5 young (5120K), 1 survivors (1024K)
 Metaspace       used 81010K, committed 81664K, reserved 1122304K
  class space    used 10637K, committed 11008K, reserved 1048576K
}
Event: 25104.529 GC heap after
{Heap after GC invocations=48 (full 0):
 garbage-first heap   total 107520K, used 48288K [0x0000000081a00000, 0x0000000100000000)
  region size 1024K, 1 young (1024K), 1 survivors (1024K)
 Metaspace       used 81010K, committed 81664K, reserved 1122304K
  class space    used 10637K, committed 11008K, reserved 1048576K
}
Event: 25913.933 GC heap before
{Heap before GC invocations=48 (full 0):
 garbage-first heap   total 107520K, used 52384K [0x0000000081a00000, 0x0000000100000000)
  region size 1024K, 5 young (5120K), 1 survivors (1024K)
 Metaspace       used 81022K, committed 81728K, reserved 1122304K
  class space    used 10637K, committed 11008K, reserved 1048576K
}
Event: 25914.813 GC heap after
{Heap after GC invocations=49 (full 0):
 garbage-first heap   total 107520K, used 48685K [0x0000000081a00000, 0x0000000100000000)
  region size 1024K, 1 young (1024K), 1 survivors (1024K)
 Metaspace       used 81022K, committed 81728K, reserved 1122304K
  class space    used 10637K, committed 11008K, reserved 1048576K
}
Event: 26763.815 GC heap before
{Heap before GC invocations=50 (full 0):
 garbage-first heap   total 107520K, used 51757K [0x0000000081a00000, 0x0000000100000000)
  region size 1024K, 5 young (5120K), 1 survivors (1024K)
 Metaspace       used 81023K, committed 81728K, reserved 1122304K
  class space    used 10637K, committed 11008K, reserved 1048576K
}
Event: 26763.966 GC heap after
{Heap after GC invocations=51 (full 0):
 garbage-first heap   total 107520K, used 49561K [0x0000000081a00000, 0x0000000100000000)
  region size 1024K, 1 young (1024K), 1 survivors (1024K)
 Metaspace       used 81023K, committed 81728K, reserved 1122304K
  class space    used 10637K, committed 11008K, reserved 1048576K
}
Event: 27500.053 GC heap before
{Heap before GC invocations=51 (full 0):
 garbage-first heap   total 107520K, used 53657K [0x0000000081a00000, 0x0000000100000000)
  region size 1024K, 5 young (5120K), 1 survivors (1024K)
 Metaspace       used 81047K, committed 81728K, reserved 1122304K
  class space    used 10637K, committed 11008K, reserved 1048576K
}
Event: 27500.232 GC heap after
{Heap after GC invocations=52 (full 0):
 garbage-first heap   total 107520K, used 49260K [0x0000000081a00000, 0x0000000100000000)
  region size 1024K, 1 young (1024K), 1 survivors (1024K)
 Metaspace       used 81047K, committed 81728K, reserved 1122304K
  class space    used 10637K, committed 11008K, reserved 1048576K
}
Event: 28418.039 GC heap before
{Heap before GC invocations=52 (full 0):
 garbage-first heap   total 107520K, used 52332K [0x0000000081a00000, 0x0000000100000000)
  region size 1024K, 5 young (5120K), 1 survivors (1024K)
 Metaspace       used 81057K, committed 81728K, reserved 1122304K
  class space    used 10637K, committed 11008K, reserved 1048576K
}
Event: 28418.185 GC heap after
{Heap after GC invocations=53 (full 0):
 garbage-first heap   total 107520K, used 48690K [0x0000000081a00000, 0x0000000100000000)
  region size 1024K, 1 young (1024K), 1 survivors (1024K)
 Metaspace       used 81057K, committed 81728K, reserved 1122304K
  class space    used 10637K, committed 11008K, reserved 1048576K
}
Event: 29067.118 GC heap before
{Heap before GC invocations=53 (full 0):
 garbage-first heap   total 107520K, used 52786K [0x0000000081a00000, 0x0000000100000000)
  region size 1024K, 5 young (5120K), 1 survivors (1024K)
 Metaspace       used 81084K, committed 81728K, reserved 1122304K
  class space    used 10637K, committed 11008K, reserved 1048576K
}
Event: 29068.215 GC heap after
{Heap after GC invocations=54 (full 0):
 garbage-first heap   total 107520K, used 49119K [0x0000000081a00000, 0x0000000100000000)
  region size 1024K, 1 young (1024K), 1 survivors (1024K)
 Metaspace       used 81084K, committed 81728K, reserved 1122304K
  class space    used 10637K, committed 11008K, reserved 1048576K
}
Event: 30017.878 GC heap before
{Heap before GC invocations=54 (full 0):
 garbage-first heap   total 107520K, used 53215K [0x0000000081a00000, 0x0000000100000000)
  region size 1024K, 5 young (5120K), 1 survivors (1024K)
 Metaspace       used 81094K, committed 81728K, reserved 1122304K
  class space    used 10637K, committed 11008K, reserved 1048576K
}
Event: 30018.019 GC heap after
{Heap after GC invocations=55 (full 0):
 garbage-first heap   total 107520K, used 48943K [0x0000000081a00000, 0x0000000100000000)
  region size 1024K, 1 young (1024K), 1 survivors (1024K)
 Metaspace       used 81094K, committed 81728K, reserved 1122304K
  class space    used 10637K, committed 11008K, reserved 1048576K
}
Event: 30648.354 GC heap before
{Heap before GC invocations=55 (full 0):
 garbage-first heap   total 107520K, used 53039K [0x0000000081a00000, 0x0000000100000000)
  region size 1024K, 5 young (5120K), 1 survivors (1024K)
 Metaspace       used 81106K, committed 81728K, reserved 1122304K
  class space    used 10637K, committed 11008K, reserved 1048576K
}

